Using pre-set license
Built from '2021.3/staging' branch; Version is '2021.3.1f1 (3b70a0754835) revision 3895456'; Using compiler version '192829333'; Build Type 'Release'
OS: 'Windows 10  (10.0.19043) 64bit Core' Language: 'en' Physical Memory: 32722 MB
BatchMode: 1, IsHumanControllingUs: 0, StartBugReporterOnCrash: 0, Is64bit: 1, IsPro: 1

COMMAND LINE ARGUMENTS:
C:\Program Files\Unity\Hub\Editor\2021.3.1f1\Editor\Unity.exe
-adb2
-batchMode
-noUpm
-name
AssetImportWorker2
-projectPath
D:/Programming/Unity/ZenoJam5/ZenoJam5
-logFile
Logs/AssetImportWorker2.log
-srvPort
49715
Successfully changed project path to: D:/Programming/Unity/ZenoJam5/ZenoJam5
D:/Programming/Unity/ZenoJam5/ZenoJam5
[UnityMemory] Configuration Parameters - Can be set up in boot.config
    "memorysetup-bucket-allocator-granularity=16"
    "memorysetup-bucket-allocator-bucket-count=8"
    "memorysetup-bucket-allocator-block-size=33554432"
    "memorysetup-bucket-allocator-block-count=8"
    "memorysetup-main-allocator-block-size=16777216"
    "memorysetup-thread-allocator-block-size=16777216"
    "memorysetup-gfx-main-allocator-block-size=16777216"
    "memorysetup-gfx-thread-allocator-block-size=16777216"
    "memorysetup-cache-allocator-block-size=4194304"
    "memorysetup-typetree-allocator-block-size=2097152"
    "memorysetup-profiler-bucket-allocator-granularity=16"
    "memorysetup-profiler-bucket-allocator-bucket-count=8"
    "memorysetup-profiler-bucket-allocator-block-size=33554432"
    "memorysetup-profiler-bucket-allocator-block-count=8"
    "memorysetup-profiler-allocator-block-size=16777216"
    "memorysetup-profiler-editor-allocator-block-size=1048576"
    "memorysetup-temp-allocator-size-main=16777216"
    "memorysetup-job-temp-allocator-block-size=2097152"
    "memorysetup-job-temp-allocator-block-size-background=1048576"
    "memorysetup-job-temp-allocator-reduction-small-platforms=262144"
    "memorysetup-temp-allocator-size-background-worker=32768"
    "memorysetup-temp-allocator-size-job-worker=262144"
    "memorysetup-temp-allocator-size-preload-manager=33554432"
    "memorysetup-temp-allocator-size-nav-mesh-worker=65536"
    "memorysetup-temp-allocator-size-audio-worker=65536"
    "memorysetup-temp-allocator-size-cloud-worker=32768"
    "memorysetup-temp-allocator-size-gi-baking-worker=262144"
    "memorysetup-temp-allocator-size-gfx=262144"
Refreshing native plugins compatible for Editor in 103.23 ms, found 4 plugins.
Preloading 0 native plugins for Editor in 0.00 ms.
Initialize engine version: 2021.3.1f1 (3b70a0754835)
[Subsystems] Discovering subsystems at path C:/Program Files/Unity/Hub/Editor/2021.3.1f1/Editor/Data/Resources/UnitySubsystems
[Subsystems] Discovering subsystems at path D:/Programming/Unity/ZenoJam5/ZenoJam5/Assets
GfxDevice: creating device client; threaded=0; jobified=0
Direct3D:
    Version:  Direct3D 11.0 [level 11.1]
    Renderer: NVIDIA GeForce GTX 1080 (ID=0x1b80)
    Vendor:   NVIDIA
    VRAM:     8079 MB
    Driver:   30.0.15.1259
Initialize mono
Mono path[0] = 'C:/Program Files/Unity/Hub/Editor/2021.3.1f1/Editor/Data/Managed'
Mono path[1] = 'C:/Program Files/Unity/Hub/Editor/2021.3.1f1/Editor/Data/MonoBleedingEdge/lib/mono/unityjit-win32'
Mono config path = 'C:/Program Files/Unity/Hub/Editor/2021.3.1f1/Editor/Data/MonoBleedingEdge/etc'
Using monoOptions --debugger-agent=transport=dt_socket,embedding=1,server=y,suspend=n,address=127.0.0.1:56216
Begin MonoManager ReloadAssembly
Registering precompiled unity dll's ...
Register platform support module: C:/Program Files/Unity/Hub/Editor/2021.3.1f1/Editor/Data/PlaybackEngines/WebGLSupport/UnityEditor.WebGL.Extensions.dll
Register platform support module: C:/Program Files/Unity/Hub/Editor/2021.3.1f1/Editor/Data/PlaybackEngines/WindowsStandaloneSupport/UnityEditor.WindowsStandalone.Extensions.dll
Registered in 0.009963 seconds.
Native extension for WindowsStandalone target not found
Native extension for WebGL target not found
Refreshing native plugins compatible for Editor in 95.08 ms, found 4 plugins.
Preloading 0 native plugins for Editor in 0.00 ms.
Mono: successfully reloaded assembly
- Completed reload, in  0.723 seconds
Domain Reload Profiling:
	ReloadAssembly (724ms)
		BeginReloadAssembly (83ms)
			ExecutionOrderSort (0ms)
			DisableScriptedObjects (0ms)
			BackupInstance (0ms)
			ReleaseScriptingObjects (0ms)
			CreateAndSetChildDomain (1ms)
		EndReloadAssembly (518ms)
			LoadAssemblies (81ms)
			RebuildTransferFunctionScriptingTraits (0ms)
			SetupTypeCache (110ms)
			ReleaseScriptCaches (0ms)
			RebuildScriptCaches (30ms)
			SetupLoadedEditorAssemblies (321ms)
				LogAssemblyErrors (0ms)
				InitializePlatformSupportModulesInManaged (10ms)
				SetLoadedEditorAssemblies (0ms)
				RefreshPlugins (95ms)
				BeforeProcessingInitializeOnLoad (1ms)
				ProcessInitializeOnLoadAttributes (153ms)
				ProcessInitializeOnLoadMethodAttributes (61ms)
				AfterProcessingInitializeOnLoad (0ms)
				EditorAssembliesLoaded (0ms)
			ExecutionOrderSort2 (0ms)
			AwakeInstancesAfterBackupRestoration (0ms)
Platform modules already initialized, skipping
Registering precompiled user dll's ...
Registered in 0.006820 seconds.
Begin MonoManager ReloadAssembly
Symbol file LoadedFromMemory doesn't match image D:\Programming\Unity\ZenoJam5\ZenoJam5\Library\PackageCache\com.unity.visualscripting@1.7.6\Editor\VisualScripting.Core\Dependencies\YamlDotNet\Unity.VisualScripting.YamlDotNet.dll
Symbol file LoadedFromMemory is not a mono symbol file
Symbol file LoadedFromMemory doesn't match image D:\Programming\Unity\ZenoJam5\ZenoJam5\Library\PackageCache\com.unity.visualscripting@1.7.6\Editor\VisualScripting.Core\Dependencies\DotNetZip\Unity.VisualScripting.IonicZip.dll
Native extension for WindowsStandalone target not found
Native extension for WebGL target not found
Refreshing native plugins compatible for Editor in 88.65 ms, found 4 plugins.
Preloading 0 native plugins for Editor in 0.00 ms.
Mono: successfully reloaded assembly
- Completed reload, in  1.208 seconds
Domain Reload Profiling:
	ReloadAssembly (1209ms)
		BeginReloadAssembly (107ms)
			ExecutionOrderSort (0ms)
			DisableScriptedObjects (6ms)
			BackupInstance (0ms)
			ReleaseScriptingObjects (0ms)
			CreateAndSetChildDomain (18ms)
		EndReloadAssembly (996ms)
			LoadAssemblies (97ms)
			RebuildTransferFunctionScriptingTraits (0ms)
			SetupTypeCache (223ms)
			ReleaseScriptCaches (1ms)
			RebuildScriptCaches (65ms)
			SetupLoadedEditorAssemblies (566ms)
				LogAssemblyErrors (0ms)
				InitializePlatformSupportModulesInManaged (6ms)
				SetLoadedEditorAssemblies (0ms)
				RefreshPlugins (89ms)
				BeforeProcessingInitializeOnLoad (104ms)
				ProcessInitializeOnLoadAttributes (316ms)
				ProcessInitializeOnLoadMethodAttributes (42ms)
				AfterProcessingInitializeOnLoad (8ms)
				EditorAssembliesLoaded (0ms)
			ExecutionOrderSort2 (0ms)
			AwakeInstancesAfterBackupRestoration (5ms)
Platform modules already initialized, skipping
========================================================================
Worker process is ready to serve import requests
Launched and connected shader compiler UnityShaderCompiler.exe after 0.07 seconds
Refreshing native plugins compatible for Editor in 0.82 ms, found 4 plugins.
Preloading 0 native plugins for Editor in 0.00 ms.
Unloading 4631 Unused Serialized files (Serialized files now loaded: 0)
Unloading 56 unused Assets / (298.4 KB). Loaded Objects now: 5090.
Memory consumption went from 172.7 MB to 172.4 MB.
Total: 3.173600 ms (FindLiveObjects: 0.355100 ms CreateObjectMapping: 0.299600 ms MarkObjects: 2.367500 ms  DeleteObjects: 0.150400 ms)

AssetImportParameters requested are different than current active one (requested -> active):
  custom:video-decoder-ogg-theora: a1e56fd34408186e4bbccfd4996cb3dc -> 
  custom:container-muxer-webm: aa71ff27fc2769a1b78a27578f13a17b -> 
  custom:container-demuxer-webm: 4f35f7cbe854078d1ac9338744f61a02 -> 
  custom:video-encoder-webm-vp8: eb34c28f22e8b96e1ab97ce403110664 -> 
  custom:audio-encoder-webm-vorbis: bf7c407c2cedff20999df2af8eb42d56 -> 
  custom:framework-win-MediaFoundation: 216162199b28c13a410421893ffa2e32 -> 
  custom:container-demuxer-ogg: 62fdf1f143b41e24485cea50d1cbac27 -> 
  custom:video-decoder-webm-vp8: 9c59270c3fd7afecdb556c50c9e8de78 -> 
  custom:audio-decoder-ogg-vorbis: bf7c407c2cedff20999df2af8eb42d56 -> 
========================================================================
Received Import Request.
  Time since last request: 62547.792253 seconds.
  path: Assets/Prefabs/Bug.prefab
  artifactKey: Guid(5f28cd9b871de884195f536e9234c88d) Importer(815301076,1909f56bfc062723c751e8b465ee728b)
Start importing Assets/Prefabs/Bug.prefab using Guid(5f28cd9b871de884195f536e9234c88d) Importer(815301076,1909f56bfc062723c751e8b465ee728b) The Animator Controller (Bug) you have used is not valid. Animations will not play
UnityEngine.StackTraceUtility:ExtractStackTrace ()
UnityEditor.EditorUtility:Internal_InstantiateRemoveAllNonAnimationComponentsSingle (UnityEngine.Object,UnityEngine.Vector3,UnityEngine.Quaternion)
UnityEditor.EditorUtility:InstantiateRemoveAllNonAnimationComponents (UnityEngine.Object,UnityEngine.Vector3,UnityEngine.Quaternion)
UnityEditor.EditorUtility:InstantiateForAnimatorPreview (UnityEngine.Object)
UnityEditor.GameObjectInspector/PreviewData:UpdateGameObject (UnityEngine.Object)
UnityEditor.GameObjectInspector/PreviewData:.ctor (UnityEngine.Object)
UnityEditor.GameObjectInspector:GetPreviewData ()
UnityEditor.GameObjectInspector:RenderStaticPreview (string,UnityEngine.Object[],int,int)
UnityEditor.AssetPreviewUpdater:CreatePreview (UnityEngine.Object,UnityEngine.Object[],string,int,int)
UnityEditor.AssetPreviewUpdater:CreatePreviewForAsset (UnityEngine.Object,UnityEngine.Object[],string)

[C:\buildslave\unity\build\Modules\Animation\Director\AnimatorControllerPlayable.cpp line 333]

The Animator Controller (Bug) you have used is not valid. Animations will not play
UnityEngine.StackTraceUtility:ExtractStackTrace ()
UnityEditor.EditorUtility:InitInstantiatedPreviewRecursive (UnityEngine.GameObject)
UnityEditor.EditorUtility:InstantiateForAnimatorPreview (UnityEngine.Object)
UnityEditor.GameObjectInspector/PreviewData:UpdateGameObject (UnityEngine.Object)
UnityEditor.GameObjectInspector/PreviewData:.ctor (UnityEngine.Object)
UnityEditor.GameObjectInspector:GetPreviewData ()
UnityEditor.GameObjectInspector:RenderStaticPreview (string,UnityEngine.Object[],int,int)
UnityEditor.AssetPreviewUpdater:CreatePreview (UnityEngine.Object,UnityEngine.Object[],string,int,int)
UnityEditor.AssetPreviewUpdater:CreatePreviewForAsset (UnityEngine.Object,UnityEngine.Object[],string)

[C:\buildslave\unity\build\Modules\Animation\Director\AnimatorControllerPlayable.cpp line 333]

 -> (artifact id: 'd12905724dc1920dfc9b32569ea9a992') in 0.141092 seconds 
========================================================================
Received Import Request.
  Time since last request: 23.360272 seconds.
  path: Assets/Sprites/Background.png
  artifactKey: Guid(a559a24f44c23f24d863cf01aa80481b) Importer(815301076,1909f56bfc062723c751e8b465ee728b)
Start importing Assets/Sprites/Background.png using Guid(a559a24f44c23f24d863cf01aa80481b) Importer(815301076,1909f56bfc062723c751e8b465ee728b)  -> (artifact id: '67ab7d489716d1aa5d48f0d205fc9d43') in 0.178983 seconds 
========================================================================
Received Import Request.
  Time since last request: 0.000027 seconds.
  path: Assets/Sprites/Light_Button_3.png
  artifactKey: Guid(01924f2a35d6d1f46a235836136c2bc8) Importer(815301076,1909f56bfc062723c751e8b465ee728b)
Start importing Assets/Sprites/Light_Button_3.png using Guid(01924f2a35d6d1f46a235836136c2bc8) Importer(815301076,1909f56bfc062723c751e8b465ee728b)  -> (artifact id: 'c785fc53b7face8a3713884fb5789ec8') in 0.022863 seconds 
========================================================================
Received Import Request.
  Time since last request: 0.000031 seconds.
  path: Assets/Sprites/Door.png
  artifactKey: Guid(e120e49d83e18584ba67acccd43477f5) Importer(815301076,1909f56bfc062723c751e8b465ee728b)
Start importing Assets/Sprites/Door.png using Guid(e120e49d83e18584ba67acccd43477f5) Importer(815301076,1909f56bfc062723c751e8b465ee728b)  -> (artifact id: 'f9fe4007f4df4a342a5fc1fc1b0be77e') in 0.019584 seconds 
========================================================================
Received Import Request.
  Time since last request: 0.000028 seconds.
  path: Assets/Sprites/Light_ON.png
  artifactKey: Guid(bf952acf12e4b78449e76c8ce53a5732) Importer(815301076,1909f56bfc062723c751e8b465ee728b)
Start importing Assets/Sprites/Light_ON.png using Guid(bf952acf12e4b78449e76c8ce53a5732) Importer(815301076,1909f56bfc062723c751e8b465ee728b)  -> (artifact id: 'b7daaeae5a1a1e1cc93a9b27cd09ef7a') in 0.020205 seconds 
========================================================================
Received Import Request.
  Time since last request: 3.226078 seconds.
  path: Assets/Sprites/Scrawny/Bug01.png
  artifactKey: Guid(a792acd5169ce4e46b57cd3769a4a0a9) Importer(815301076,1909f56bfc062723c751e8b465ee728b)
Start importing Assets/Sprites/Scrawny/Bug01.png using Guid(a792acd5169ce4e46b57cd3769a4a0a9) Importer(815301076,1909f56bfc062723c751e8b465ee728b)  -> (artifact id: 'b43b83c3acfc636d0da77761dbd93548') in 0.023963 seconds 
========================================================================
Received Import Request.
  Time since last request: 12.177616 seconds.
  path: Assets/Sprites/Scrawny/frame0000.png
  artifactKey: Guid(914304029a990e04597d43883154c0be) Importer(815301076,1909f56bfc062723c751e8b465ee728b)
Start importing Assets/Sprites/Scrawny/frame0000.png using Guid(914304029a990e04597d43883154c0be) Importer(815301076,1909f56bfc062723c751e8b465ee728b)  -> (artifact id: 'ccc8a15e36fa073d9713e27a940e5e43') in 0.087987 seconds 
========================================================================
Received Import Request.
  Time since last request: 0.000032 seconds.
  path: Assets/Sprites/Scrawny/frame0006.png
  artifactKey: Guid(5b86c42e879b8e34ba924b6d01dfbe89) Importer(815301076,1909f56bfc062723c751e8b465ee728b)
Start importing Assets/Sprites/Scrawny/frame0006.png using Guid(5b86c42e879b8e34ba924b6d01dfbe89) Importer(815301076,1909f56bfc062723c751e8b465ee728b)  -> (artifact id: 'f3f1ac6931a93bd658e2ad296fb4580b') in 0.068511 seconds 
========================================================================
Received Import Request.
  Time since last request: 0.000022 seconds.
  path: Assets/Sprites/Scrawny/frame0007.png
  artifactKey: Guid(a503426fffaea1e4db5767a8eb83963f) Importer(815301076,1909f56bfc062723c751e8b465ee728b)
Start importing Assets/Sprites/Scrawny/frame0007.png using Guid(a503426fffaea1e4db5767a8eb83963f) Importer(815301076,1909f56bfc062723c751e8b465ee728b)  -> (artifact id: '9152b3ffd7e87126356b72a2bbe93923') in 0.065822 seconds 
========================================================================
Received Import Request.
  Time since last request: 17.203800 seconds.
  path: Assets/Sprites/Scrawny/frame0000.png
  artifactKey: Guid(914304029a990e04597d43883154c0be) Importer(815301076,1909f56bfc062723c751e8b465ee728b)
Start importing Assets/Sprites/Scrawny/frame0000.png using Guid(914304029a990e04597d43883154c0be) Importer(815301076,1909f56bfc062723c751e8b465ee728b)  -> (artifact id: '91c54e788757c27708ee2d34d8ea85c9') in 0.011655 seconds 
========================================================================
Received Import Request.
  Time since last request: 6.673048 seconds.
  path: Assets/Sprites/Scrawny/frame0000.png
  artifactKey: Guid(914304029a990e04597d43883154c0be) Importer(815301076,1909f56bfc062723c751e8b465ee728b)
Start importing Assets/Sprites/Scrawny/frame0000.png using Guid(914304029a990e04597d43883154c0be) Importer(815301076,1909f56bfc062723c751e8b465ee728b)  -> (artifact id: '7355d54450cf77514e5e3f581ac7dba4') in 0.024429 seconds 
========================================================================
Received Import Request.
  Time since last request: 10.550509 seconds.
  path: Assets/Sprites/Scrawny/frame0001.png
  artifactKey: Guid(e3ed4ee1181846f4bbc26d0e7d4325e5) Importer(815301076,1909f56bfc062723c751e8b465ee728b)
Start importing Assets/Sprites/Scrawny/frame0001.png using Guid(e3ed4ee1181846f4bbc26d0e7d4325e5) Importer(815301076,1909f56bfc062723c751e8b465ee728b)  -> (artifact id: 'b2fed36fe34b27a42c1126464fed4a73') in 0.009709 seconds 
========================================================================
Received Import Request.
  Time since last request: 4.528251 seconds.
  path: Assets/Sprites/Scrawny/frame0001.png
  artifactKey: Guid(e3ed4ee1181846f4bbc26d0e7d4325e5) Importer(815301076,1909f56bfc062723c751e8b465ee728b)
Start importing Assets/Sprites/Scrawny/frame0001.png using Guid(e3ed4ee1181846f4bbc26d0e7d4325e5) Importer(815301076,1909f56bfc062723c751e8b465ee728b)  -> (artifact id: 'a8813f048a1d9aa8cd998e3237ee6731') in 0.020444 seconds 
========================================================================
Received Import Request.
  Time since last request: 10.628604 seconds.
  path: Assets/Sprites/Scrawny/frame0002.png
  artifactKey: Guid(c1af36aa56dd34d4f81beb9674548c37) Importer(815301076,1909f56bfc062723c751e8b465ee728b)
Start importing Assets/Sprites/Scrawny/frame0002.png using Guid(c1af36aa56dd34d4f81beb9674548c37) Importer(815301076,1909f56bfc062723c751e8b465ee728b)  -> (artifact id: '42c59f24ed6f247d01f2393f0cfe16fa') in 0.012017 seconds 
========================================================================
Received Import Request.
  Time since last request: 4.352751 seconds.
  path: Assets/Sprites/Scrawny/frame0002.png
  artifactKey: Guid(c1af36aa56dd34d4f81beb9674548c37) Importer(815301076,1909f56bfc062723c751e8b465ee728b)
Start importing Assets/Sprites/Scrawny/frame0002.png using Guid(c1af36aa56dd34d4f81beb9674548c37) Importer(815301076,1909f56bfc062723c751e8b465ee728b)  -> (artifact id: '0e3eed2f719f4813c1172c305a277b92') in 0.022044 seconds 
========================================================================
Received Import Request.
  Time since last request: 6.882847 seconds.
  path: Assets/Sprites/Scrawny/frame0003.png
  artifactKey: Guid(dac478ad95a553e43906730f79f881fb) Importer(815301076,1909f56bfc062723c751e8b465ee728b)
Start importing Assets/Sprites/Scrawny/frame0003.png using Guid(dac478ad95a553e43906730f79f881fb) Importer(815301076,1909f56bfc062723c751e8b465ee728b)  -> (artifact id: '8d958e89d6089e47315bd7f6d9153a9f') in 0.009605 seconds 
========================================================================
Received Import Request.
  Time since last request: 3.367511 seconds.
  path: Assets/Sprites/Scrawny/frame0003.png
  artifactKey: Guid(dac478ad95a553e43906730f79f881fb) Importer(815301076,1909f56bfc062723c751e8b465ee728b)
Start importing Assets/Sprites/Scrawny/frame0003.png using Guid(dac478ad95a553e43906730f79f881fb) Importer(815301076,1909f56bfc062723c751e8b465ee728b)  -> (artifact id: 'eda0a078569d744b145e0347628c149f') in 0.019727 seconds 
========================================================================
Received Import Request.
  Time since last request: 6.058345 seconds.
  path: Assets/Sprites/Scrawny/frame0004.png
  artifactKey: Guid(9219dea6ecfd0944c985c84c53899997) Importer(815301076,1909f56bfc062723c751e8b465ee728b)
Start importing Assets/Sprites/Scrawny/frame0004.png using Guid(9219dea6ecfd0944c985c84c53899997) Importer(815301076,1909f56bfc062723c751e8b465ee728b)  -> (artifact id: '32603ca76a0e84cc03f681fd2e8a4e3d') in 0.013386 seconds 
========================================================================
Received Import Request.
  Time since last request: 3.643738 seconds.
  path: Assets/Sprites/Scrawny/frame0004.png
  artifactKey: Guid(9219dea6ecfd0944c985c84c53899997) Importer(815301076,1909f56bfc062723c751e8b465ee728b)
Start importing Assets/Sprites/Scrawny/frame0004.png using Guid(9219dea6ecfd0944c985c84c53899997) Importer(815301076,1909f56bfc062723c751e8b465ee728b)  -> (artifact id: 'ae50fb3aec8aa7e3ee474db366747ec5') in 0.025068 seconds 
========================================================================
Received Import Request.
  Time since last request: 6.811930 seconds.
  path: Assets/Sprites/Scrawny/frame0005.png
  artifactKey: Guid(077f012ae532a2d4a9d266a622ebe318) Importer(815301076,1909f56bfc062723c751e8b465ee728b)
Start importing Assets/Sprites/Scrawny/frame0005.png using Guid(077f012ae532a2d4a9d266a622ebe318) Importer(815301076,1909f56bfc062723c751e8b465ee728b)  -> (artifact id: '57d5a9d2141fc7eaab81cd6cbf2a1ea8') in 0.009938 seconds 
========================================================================
Received Import Request.
  Time since last request: 3.666579 seconds.
  path: Assets/Sprites/Scrawny/frame0005.png
  artifactKey: Guid(077f012ae532a2d4a9d266a622ebe318) Importer(815301076,1909f56bfc062723c751e8b465ee728b)
Start importing Assets/Sprites/Scrawny/frame0005.png using Guid(077f012ae532a2d4a9d266a622ebe318) Importer(815301076,1909f56bfc062723c751e8b465ee728b)  -> (artifact id: '2e3c6691b34f5140d77befbcd1818d29') in 0.024434 seconds 
========================================================================
Received Import Request.
  Time since last request: 6.789085 seconds.
  path: Assets/Sprites/Scrawny/frame0006.png
  artifactKey: Guid(5b86c42e879b8e34ba924b6d01dfbe89) Importer(815301076,1909f56bfc062723c751e8b465ee728b)
Start importing Assets/Sprites/Scrawny/frame0006.png using Guid(5b86c42e879b8e34ba924b6d01dfbe89) Importer(815301076,1909f56bfc062723c751e8b465ee728b)  -> (artifact id: 'c3517b0768acde6bd8fd66711954ab5c') in 0.013790 seconds 
========================================================================
Received Import Request.
  Time since last request: 3.748869 seconds.
  path: Assets/Sprites/Scrawny/frame0006.png
  artifactKey: Guid(5b86c42e879b8e34ba924b6d01dfbe89) Importer(815301076,1909f56bfc062723c751e8b465ee728b)
Start importing Assets/Sprites/Scrawny/frame0006.png using Guid(5b86c42e879b8e34ba924b6d01dfbe89) Importer(815301076,1909f56bfc062723c751e8b465ee728b)  -> (artifact id: 'b00b70d0983aa4456d18eaaf3136b9b5') in 0.024304 seconds 
========================================================================
Received Import Request.
  Time since last request: 5.529176 seconds.
  path: Assets/Sprites/Scrawny/frame0007.png
  artifactKey: Guid(a503426fffaea1e4db5767a8eb83963f) Importer(815301076,1909f56bfc062723c751e8b465ee728b)
Start importing Assets/Sprites/Scrawny/frame0007.png using Guid(a503426fffaea1e4db5767a8eb83963f) Importer(815301076,1909f56bfc062723c751e8b465ee728b)  -> (artifact id: 'dd7a09ae22b73af01e5e4c901e2011dc') in 0.009062 seconds 
========================================================================
Received Import Request.
  Time since last request: 3.943489 seconds.
  path: Assets/Sprites/Scrawny/frame0007.png
  artifactKey: Guid(a503426fffaea1e4db5767a8eb83963f) Importer(815301076,1909f56bfc062723c751e8b465ee728b)
Start importing Assets/Sprites/Scrawny/frame0007.png using Guid(a503426fffaea1e4db5767a8eb83963f) Importer(815301076,1909f56bfc062723c751e8b465ee728b)  -> (artifact id: '124302930bf28da857b8bcfe9631c7a0') in 0.019499 seconds 
========================================================================
Received Import Request.
  Time since last request: 16.330200 seconds.
  path: Assets/Sprites/Scrawny/frame0000.png
  artifactKey: Guid(914304029a990e04597d43883154c0be) Importer(815301076,1909f56bfc062723c751e8b465ee728b)
Start importing Assets/Sprites/Scrawny/frame0000.png using Guid(914304029a990e04597d43883154c0be) Importer(815301076,1909f56bfc062723c751e8b465ee728b)  -> (artifact id: 'acc6af68e26303c21896e74ac190d42e') in 0.021507 seconds 
========================================================================
Received Import Request.
  Time since last request: 4.369552 seconds.
  path: Assets/Sprites/Scrawny/frame0001.png
  artifactKey: Guid(e3ed4ee1181846f4bbc26d0e7d4325e5) Importer(815301076,1909f56bfc062723c751e8b465ee728b)
Start importing Assets/Sprites/Scrawny/frame0001.png using Guid(e3ed4ee1181846f4bbc26d0e7d4325e5) Importer(815301076,1909f56bfc062723c751e8b465ee728b)  -> (artifact id: 'b5ab56471a4bfcb63279ae9750f3fc32') in 0.019931 seconds 
========================================================================
Received Import Request.
  Time since last request: 3.980942 seconds.
  path: Assets/Sprites/Scrawny/frame0002.png
  artifactKey: Guid(c1af36aa56dd34d4f81beb9674548c37) Importer(815301076,1909f56bfc062723c751e8b465ee728b)
Start importing Assets/Sprites/Scrawny/frame0002.png using Guid(c1af36aa56dd34d4f81beb9674548c37) Importer(815301076,1909f56bfc062723c751e8b465ee728b)  -> (artifact id: 'b7818afb678241aee6313b046dccc564') in 0.019269 seconds 
========================================================================
Received Import Request.
  Time since last request: 4.912317 seconds.
  path: Assets/Sprites/Scrawny/frame0003.png
  artifactKey: Guid(dac478ad95a553e43906730f79f881fb) Importer(815301076,1909f56bfc062723c751e8b465ee728b)
Start importing Assets/Sprites/Scrawny/frame0003.png using Guid(dac478ad95a553e43906730f79f881fb) Importer(815301076,1909f56bfc062723c751e8b465ee728b)  -> (artifact id: '11c0aea047c7720f945ba4865ee53ef6') in 0.027509 seconds 
========================================================================
Received Import Request.
  Time since last request: 0.000021 seconds.
  path: Assets/Sprites/Scrawny/frame0006.png
  artifactKey: Guid(5b86c42e879b8e34ba924b6d01dfbe89) Importer(815301076,1909f56bfc062723c751e8b465ee728b)
Start importing Assets/Sprites/Scrawny/frame0006.png using Guid(5b86c42e879b8e34ba924b6d01dfbe89) Importer(815301076,1909f56bfc062723c751e8b465ee728b)  -> (artifact id: 'f4e0abbe9495f10b2cb1730e32fd751a') in 0.031343 seconds 
========================================================================
Received Import Request.
  Time since last request: 0.000024 seconds.
  path: Assets/Sprites/Scrawny/frame0007.png
  artifactKey: Guid(a503426fffaea1e4db5767a8eb83963f) Importer(815301076,1909f56bfc062723c751e8b465ee728b)
Start importing Assets/Sprites/Scrawny/frame0007.png using Guid(a503426fffaea1e4db5767a8eb83963f) Importer(815301076,1909f56bfc062723c751e8b465ee728b)  -> (artifact id: 'ff1af0dfe886e8ea2f8383214514e52c') in 0.019749 seconds 
========================================================================
Received Import Request.
  Time since last request: 20.789473 seconds.
  path: Assets/Animations/Scrawny_Walk.anim
  artifactKey: Guid(a8a2c8c019951f449959ff8b9bc31270) Importer(815301076,1909f56bfc062723c751e8b465ee728b)
Start importing Assets/Animations/Scrawny_Walk.anim using Guid(a8a2c8c019951f449959ff8b9bc31270) Importer(815301076,1909f56bfc062723c751e8b465ee728b)  -> (artifact id: '439a377979808d9d51b330abc0bcfb31') in 0.009053 seconds 
========================================================================
Received Import Request.
  Time since last request: 6.358212 seconds.
  path: Assets/Animations/Scrawny_Idle.anim
  artifactKey: Guid(d9a9a81c53d056c4598950b5805b9055) Importer(815301076,1909f56bfc062723c751e8b465ee728b)
Start importing Assets/Animations/Scrawny_Idle.anim using Guid(d9a9a81c53d056c4598950b5805b9055) Importer(815301076,1909f56bfc062723c751e8b465ee728b)  -> (artifact id: 'b335308da18428f9a8899e25e9ad462b') in 0.006079 seconds 
========================================================================
Received Import Request.
  Time since last request: 59.141637 seconds.
  path: Assets/Sprites/Scrawny/frame0000.png
  artifactKey: Guid(914304029a990e04597d43883154c0be) Importer(815301076,1909f56bfc062723c751e8b465ee728b)
Start importing Assets/Sprites/Scrawny/frame0000.png using Guid(914304029a990e04597d43883154c0be) Importer(815301076,1909f56bfc062723c751e8b465ee728b)  -> (artifact id: '4372c771299295a0f6b708974acfc5c9') in 0.020737 seconds 
========================================================================
Received Import Request.
  Time since last request: 8.080163 seconds.
  path: Assets/Sprites/Scrawny/frame0001.png
  artifactKey: Guid(e3ed4ee1181846f4bbc26d0e7d4325e5) Importer(815301076,1909f56bfc062723c751e8b465ee728b)
Start importing Assets/Sprites/Scrawny/frame0001.png using Guid(e3ed4ee1181846f4bbc26d0e7d4325e5) Importer(815301076,1909f56bfc062723c751e8b465ee728b)  -> (artifact id: 'a6746f4e8dd8235bdca7af199d454c0b') in 0.023993 seconds 
========================================================================
Received Import Request.
  Time since last request: 9.589093 seconds.
  path: Assets/Sprites/Scrawny/frame0002.png
  artifactKey: Guid(c1af36aa56dd34d4f81beb9674548c37) Importer(815301076,1909f56bfc062723c751e8b465ee728b)
Start importing Assets/Sprites/Scrawny/frame0002.png using Guid(c1af36aa56dd34d4f81beb9674548c37) Importer(815301076,1909f56bfc062723c751e8b465ee728b)  -> (artifact id: '993145b005535bc86936776bc5494e7a') in 0.020110 seconds 
========================================================================
Received Import Request.
  Time since last request: 7.272555 seconds.
  path: Assets/Sprites/Scrawny/frame0003.png
  artifactKey: Guid(dac478ad95a553e43906730f79f881fb) Importer(815301076,1909f56bfc062723c751e8b465ee728b)
Start importing Assets/Sprites/Scrawny/frame0003.png using Guid(dac478ad95a553e43906730f79f881fb) Importer(815301076,1909f56bfc062723c751e8b465ee728b)  -> (artifact id: 'dc561757f0d9c0e9c5f4c2d07d7ef206') in 0.019283 seconds 
========================================================================
Received Import Request.
  Time since last request: 7.889182 seconds.
  path: Assets/Sprites/Scrawny/frame0004.png
  artifactKey: Guid(9219dea6ecfd0944c985c84c53899997) Importer(815301076,1909f56bfc062723c751e8b465ee728b)
Start importing Assets/Sprites/Scrawny/frame0004.png using Guid(9219dea6ecfd0944c985c84c53899997) Importer(815301076,1909f56bfc062723c751e8b465ee728b)  -> (artifact id: '1b66ac566a59a1c54963af7f7f5d929b') in 0.020693 seconds 
========================================================================
Received Import Request.
  Time since last request: 7.111487 seconds.
  path: Assets/Sprites/Scrawny/frame0005.png
  artifactKey: Guid(077f012ae532a2d4a9d266a622ebe318) Importer(815301076,1909f56bfc062723c751e8b465ee728b)
Start importing Assets/Sprites/Scrawny/frame0005.png using Guid(077f012ae532a2d4a9d266a622ebe318) Importer(815301076,1909f56bfc062723c751e8b465ee728b)  -> (artifact id: 'f578430d68b82120f702b81c0004652c') in 0.020153 seconds 
========================================================================
Received Import Request.
  Time since last request: 6.370640 seconds.
  path: Assets/Sprites/Scrawny/frame0006.png
  artifactKey: Guid(5b86c42e879b8e34ba924b6d01dfbe89) Importer(815301076,1909f56bfc062723c751e8b465ee728b)
Start importing Assets/Sprites/Scrawny/frame0006.png using Guid(5b86c42e879b8e34ba924b6d01dfbe89) Importer(815301076,1909f56bfc062723c751e8b465ee728b)  -> (artifact id: '9b58882acb488b0e9ea53075ff1abcaf') in 0.020130 seconds 
========================================================================
Received Import Request.
  Time since last request: 5.252024 seconds.
  path: Assets/Sprites/Scrawny/frame0007.png
  artifactKey: Guid(a503426fffaea1e4db5767a8eb83963f) Importer(815301076,1909f56bfc062723c751e8b465ee728b)
Start importing Assets/Sprites/Scrawny/frame0007.png using Guid(a503426fffaea1e4db5767a8eb83963f) Importer(815301076,1909f56bfc062723c751e8b465ee728b)  -> (artifact id: '942b74854f14f68aa506ac1b96ccfaff') in 0.018899 seconds 
========================================================================
Received Prepare
Registering precompiled user dll's ...
Registered in 0.006974 seconds.
Begin MonoManager ReloadAssembly
Symbol file LoadedFromMemory doesn't match image D:\Programming\Unity\ZenoJam5\ZenoJam5\Library\PackageCache\com.unity.visualscripting@1.7.6\Editor\VisualScripting.Core\Dependencies\YamlDotNet\Unity.VisualScripting.YamlDotNet.dll
Symbol file LoadedFromMemory is not a mono symbol file
Symbol file LoadedFromMemory doesn't match image D:\Programming\Unity\ZenoJam5\ZenoJam5\Library\PackageCache\com.unity.visualscripting@1.7.6\Editor\VisualScripting.Core\Dependencies\DotNetZip\Unity.VisualScripting.IonicZip.dll
Native extension for WindowsStandalone target not found
Native extension for WebGL target not found
Refreshing native plugins compatible for Editor in 1.40 ms, found 4 plugins.
Preloading 0 native plugins for Editor in 0.00 ms.
Mono: successfully reloaded assembly
- Completed reload, in  1.190 seconds
Domain Reload Profiling:
	ReloadAssembly (1191ms)
		BeginReloadAssembly (145ms)
			ExecutionOrderSort (0ms)
			DisableScriptedObjects (7ms)
			BackupInstance (0ms)
			ReleaseScriptingObjects (0ms)
			CreateAndSetChildDomain (48ms)
		EndReloadAssembly (949ms)
			LoadAssemblies (108ms)
			RebuildTransferFunctionScriptingTraits (0ms)
			SetupTypeCache (266ms)
			ReleaseScriptCaches (2ms)
			RebuildScriptCaches (57ms)
			SetupLoadedEditorAssemblies (416ms)
				LogAssemblyErrors (0ms)
				InitializePlatformSupportModulesInManaged (17ms)
				SetLoadedEditorAssemblies (1ms)
				RefreshPlugins (1ms)
				BeforeProcessingInitializeOnLoad (94ms)
				ProcessInitializeOnLoadAttributes (244ms)
				ProcessInitializeOnLoadMethodAttributes (50ms)
				AfterProcessingInitializeOnLoad (8ms)
				EditorAssembliesLoaded (0ms)
			ExecutionOrderSort2 (0ms)
			AwakeInstancesAfterBackupRestoration (34ms)
Platform modules already initialized, skipping
Refreshing native plugins compatible for Editor in 4.65 ms, found 4 plugins.
Preloading 0 native plugins for Editor in 0.00 ms.
Unloading 4600 Unused Serialized files (Serialized files now loaded: 0)
Unloading 31 unused Assets / (265.5 KB). Loaded Objects now: 5134.
Memory consumption went from 175.6 MB to 175.4 MB.
Total: 3.545100 ms (FindLiveObjects: 0.437500 ms CreateObjectMapping: 0.584100 ms MarkObjects: 2.385200 ms  DeleteObjects: 0.137100 ms)

AssetImportParameters requested are different than current active one (requested -> active):
  custom:video-decoder-ogg-theora: a1e56fd34408186e4bbccfd4996cb3dc -> 
  custom:container-muxer-webm: aa71ff27fc2769a1b78a27578f13a17b -> 
  custom:container-demuxer-webm: 4f35f7cbe854078d1ac9338744f61a02 -> 
  custom:video-encoder-webm-vp8: eb34c28f22e8b96e1ab97ce403110664 -> 
  custom:audio-encoder-webm-vorbis: bf7c407c2cedff20999df2af8eb42d56 -> 
  custom:framework-win-MediaFoundation: 216162199b28c13a410421893ffa2e32 -> 
  custom:container-demuxer-ogg: 62fdf1f143b41e24485cea50d1cbac27 -> 
  custom:video-decoder-webm-vp8: 9c59270c3fd7afecdb556c50c9e8de78 -> 
  custom:audio-decoder-ogg-vorbis: bf7c407c2cedff20999df2af8eb42d56 -> 
========================================================================
Received Import Request.
  Time since last request: 162.557977 seconds.
  path: Assets/Animations/Bug.controller
  artifactKey: Guid(4d29349b3ca07164f9bb2fad243474b4) Importer(815301076,1909f56bfc062723c751e8b465ee728b)
Start importing Assets/Animations/Bug.controller using Guid(4d29349b3ca07164f9bb2fad243474b4) Importer(815301076,1909f56bfc062723c751e8b465ee728b)  -> (artifact id: 'bbbaef56d40c3fa8e63956fbe6579141') in 0.022881 seconds 
========================================================================
Received Prepare
Registering precompiled user dll's ...
Registered in 0.006221 seconds.
Begin MonoManager ReloadAssembly
Symbol file LoadedFromMemory doesn't match image D:\Programming\Unity\ZenoJam5\ZenoJam5\Library\PackageCache\com.unity.visualscripting@1.7.6\Editor\VisualScripting.Core\Dependencies\YamlDotNet\Unity.VisualScripting.YamlDotNet.dll
Symbol file LoadedFromMemory is not a mono symbol file
Symbol file LoadedFromMemory doesn't match image D:\Programming\Unity\ZenoJam5\ZenoJam5\Library\PackageCache\com.unity.visualscripting@1.7.6\Editor\VisualScripting.Core\Dependencies\DotNetZip\Unity.VisualScripting.IonicZip.dll
Native extension for WindowsStandalone target not found
Native extension for WebGL target not found
Refreshing native plugins compatible for Editor in 0.96 ms, found 4 plugins.
Preloading 0 native plugins for Editor in 0.00 ms.
Mono: successfully reloaded assembly
- Completed reload, in  1.188 seconds
Domain Reload Profiling:
	ReloadAssembly (1189ms)
		BeginReloadAssembly (131ms)
			ExecutionOrderSort (0ms)
			DisableScriptedObjects (7ms)
			BackupInstance (0ms)
			ReleaseScriptingObjects (0ms)
			CreateAndSetChildDomain (38ms)
		EndReloadAssembly (965ms)
			LoadAssemblies (110ms)
			RebuildTransferFunctionScriptingTraits (0ms)
			SetupTypeCache (266ms)
			ReleaseScriptCaches (2ms)
			RebuildScriptCaches (67ms)
			SetupLoadedEditorAssemblies (405ms)
				LogAssemblyErrors (0ms)
				InitializePlatformSupportModulesInManaged (18ms)
				SetLoadedEditorAssemblies (0ms)
				RefreshPlugins (1ms)
				BeforeProcessingInitializeOnLoad (93ms)
				ProcessInitializeOnLoadAttributes (240ms)
				ProcessInitializeOnLoadMethodAttributes (44ms)
				AfterProcessingInitializeOnLoad (9ms)
				EditorAssembliesLoaded (0ms)
			ExecutionOrderSort2 (0ms)
			AwakeInstancesAfterBackupRestoration (35ms)
Platform modules already initialized, skipping
Refreshing native plugins compatible for Editor in 4.68 ms, found 4 plugins.
Preloading 0 native plugins for Editor in 0.00 ms.
Unloading 4600 Unused Serialized files (Serialized files now loaded: 0)
Unloading 31 unused Assets / (265.7 KB). Loaded Objects now: 5149.
Memory consumption went from 175.6 MB to 175.4 MB.
Total: 5.869100 ms (FindLiveObjects: 0.520700 ms CreateObjectMapping: 0.527700 ms MarkObjects: 4.588600 ms  DeleteObjects: 0.230600 ms)

AssetImportParameters requested are different than current active one (requested -> active):
  custom:video-decoder-ogg-theora: a1e56fd34408186e4bbccfd4996cb3dc -> 
  custom:container-muxer-webm: aa71ff27fc2769a1b78a27578f13a17b -> 
  custom:container-demuxer-webm: 4f35f7cbe854078d1ac9338744f61a02 -> 
  custom:video-encoder-webm-vp8: eb34c28f22e8b96e1ab97ce403110664 -> 
  custom:audio-encoder-webm-vorbis: bf7c407c2cedff20999df2af8eb42d56 -> 
  custom:framework-win-MediaFoundation: 216162199b28c13a410421893ffa2e32 -> 
  custom:container-demuxer-ogg: 62fdf1f143b41e24485cea50d1cbac27 -> 
  custom:video-decoder-webm-vp8: 9c59270c3fd7afecdb556c50c9e8de78 -> 
  custom:audio-decoder-ogg-vorbis: bf7c407c2cedff20999df2af8eb42d56 -> 
========================================================================
Received Prepare
Registering precompiled user dll's ...
Registered in 0.006754 seconds.
Begin MonoManager ReloadAssembly
Symbol file LoadedFromMemory doesn't match image D:\Programming\Unity\ZenoJam5\ZenoJam5\Library\PackageCache\com.unity.visualscripting@1.7.6\Editor\VisualScripting.Core\Dependencies\YamlDotNet\Unity.VisualScripting.YamlDotNet.dll
Symbol file LoadedFromMemory is not a mono symbol file
Symbol file LoadedFromMemory doesn't match image D:\Programming\Unity\ZenoJam5\ZenoJam5\Library\PackageCache\com.unity.visualscripting@1.7.6\Editor\VisualScripting.Core\Dependencies\DotNetZip\Unity.VisualScripting.IonicZip.dll
Native extension for WindowsStandalone target not found
Native extension for WebGL target not found
Refreshing native plugins compatible for Editor in 1.32 ms, found 4 plugins.
Preloading 0 native plugins for Editor in 0.00 ms.
Mono: successfully reloaded assembly
- Completed reload, in  1.288 seconds
Domain Reload Profiling:
	ReloadAssembly (1289ms)
		BeginReloadAssembly (140ms)
			ExecutionOrderSort (0ms)
			DisableScriptedObjects (7ms)
			BackupInstance (0ms)
			ReleaseScriptingObjects (0ms)
			CreateAndSetChildDomain (38ms)
		EndReloadAssembly (1036ms)
			LoadAssemblies (117ms)
			RebuildTransferFunctionScriptingTraits (0ms)
			SetupTypeCache (275ms)
			ReleaseScriptCaches (2ms)
			RebuildScriptCaches (68ms)
			SetupLoadedEditorAssemblies (471ms)
				LogAssemblyErrors (0ms)
				InitializePlatformSupportModulesInManaged (17ms)
				SetLoadedEditorAssemblies (1ms)
				RefreshPlugins (1ms)
				BeforeProcessingInitializeOnLoad (106ms)
				ProcessInitializeOnLoadAttributes (277ms)
				ProcessInitializeOnLoadMethodAttributes (59ms)
				AfterProcessingInitializeOnLoad (10ms)
				EditorAssembliesLoaded (0ms)
			ExecutionOrderSort2 (0ms)
			AwakeInstancesAfterBackupRestoration (42ms)
Platform modules already initialized, skipping
Refreshing native plugins compatible for Editor in 3.56 ms, found 4 plugins.
Preloading 0 native plugins for Editor in 0.00 ms.
Unloading 4600 Unused Serialized files (Serialized files now loaded: 0)
Unloading 31 unused Assets / (265.4 KB). Loaded Objects now: 5164.
Memory consumption went from 175.7 MB to 175.4 MB.
Total: 3.209500 ms (FindLiveObjects: 0.347200 ms CreateObjectMapping: 0.246200 ms MarkObjects: 2.457600 ms  DeleteObjects: 0.157600 ms)

AssetImportParameters requested are different than current active one (requested -> active):
  custom:video-decoder-ogg-theora: a1e56fd34408186e4bbccfd4996cb3dc -> 
  custom:container-muxer-webm: aa71ff27fc2769a1b78a27578f13a17b -> 
  custom:container-demuxer-webm: 4f35f7cbe854078d1ac9338744f61a02 -> 
  custom:video-encoder-webm-vp8: eb34c28f22e8b96e1ab97ce403110664 -> 
  custom:audio-encoder-webm-vorbis: bf7c407c2cedff20999df2af8eb42d56 -> 
  custom:framework-win-MediaFoundation: 216162199b28c13a410421893ffa2e32 -> 
  custom:container-demuxer-ogg: 62fdf1f143b41e24485cea50d1cbac27 -> 
  custom:video-decoder-webm-vp8: 9c59270c3fd7afecdb556c50c9e8de78 -> 
  custom:audio-decoder-ogg-vorbis: bf7c407c2cedff20999df2af8eb42d56 -> 
========================================================================
Received Prepare
Registering precompiled user dll's ...
Registered in 0.007456 seconds.
Begin MonoManager ReloadAssembly
Symbol file LoadedFromMemory doesn't match image D:\Programming\Unity\ZenoJam5\ZenoJam5\Library\PackageCache\com.unity.visualscripting@1.7.6\Editor\VisualScripting.Core\Dependencies\YamlDotNet\Unity.VisualScripting.YamlDotNet.dll
Symbol file LoadedFromMemory is not a mono symbol file
Symbol file LoadedFromMemory doesn't match image D:\Programming\Unity\ZenoJam5\ZenoJam5\Library\PackageCache\com.unity.visualscripting@1.7.6\Editor\VisualScripting.Core\Dependencies\DotNetZip\Unity.VisualScripting.IonicZip.dll
Native extension for WindowsStandalone target not found
Native extension for WebGL target not found
Refreshing native plugins compatible for Editor in 0.89 ms, found 4 plugins.
Preloading 0 native plugins for Editor in 0.00 ms.
Mono: successfully reloaded assembly
- Completed reload, in  1.123 seconds
Domain Reload Profiling:
	ReloadAssembly (1124ms)
		BeginReloadAssembly (136ms)
			ExecutionOrderSort (0ms)
			DisableScriptedObjects (6ms)
			BackupInstance (0ms)
			ReleaseScriptingObjects (0ms)
			CreateAndSetChildDomain (41ms)
		EndReloadAssembly (895ms)
			LoadAssemblies (102ms)
			RebuildTransferFunctionScriptingTraits (0ms)
			SetupTypeCache (234ms)
			ReleaseScriptCaches (2ms)
			RebuildScriptCaches (58ms)
			SetupLoadedEditorAssemblies (413ms)
				LogAssemblyErrors (0ms)
				InitializePlatformSupportModulesInManaged (13ms)
				SetLoadedEditorAssemblies (1ms)
				RefreshPlugins (1ms)
				BeforeProcessingInitializeOnLoad (83ms)
				ProcessInitializeOnLoadAttributes (244ms)
				ProcessInitializeOnLoadMethodAttributes (60ms)
				AfterProcessingInitializeOnLoad (11ms)
				EditorAssembliesLoaded (0ms)
			ExecutionOrderSort2 (0ms)
			AwakeInstancesAfterBackupRestoration (39ms)
Platform modules already initialized, skipping
Refreshing native plugins compatible for Editor in 3.88 ms, found 4 plugins.
Preloading 0 native plugins for Editor in 0.00 ms.
Unloading 4600 Unused Serialized files (Serialized files now loaded: 0)
Unloading 31 unused Assets / (265.4 KB). Loaded Objects now: 5179.
Memory consumption went from 175.7 MB to 175.4 MB.
Total: 3.248800 ms (FindLiveObjects: 0.318000 ms CreateObjectMapping: 0.219100 ms MarkObjects: 2.550000 ms  DeleteObjects: 0.161200 ms)

AssetImportParameters requested are different than current active one (requested -> active):
  custom:video-decoder-ogg-theora: a1e56fd34408186e4bbccfd4996cb3dc -> 
  custom:container-muxer-webm: aa71ff27fc2769a1b78a27578f13a17b -> 
  custom:container-demuxer-webm: 4f35f7cbe854078d1ac9338744f61a02 -> 
  custom:video-encoder-webm-vp8: eb34c28f22e8b96e1ab97ce403110664 -> 
  custom:audio-encoder-webm-vorbis: bf7c407c2cedff20999df2af8eb42d56 -> 
  custom:framework-win-MediaFoundation: 216162199b28c13a410421893ffa2e32 -> 
  custom:container-demuxer-ogg: 62fdf1f143b41e24485cea50d1cbac27 -> 
  custom:video-decoder-webm-vp8: 9c59270c3fd7afecdb556c50c9e8de78 -> 
  custom:audio-decoder-ogg-vorbis: bf7c407c2cedff20999df2af8eb42d56 -> 
========================================================================
Received Prepare
Registering precompiled user dll's ...
Registered in 0.006585 seconds.
Begin MonoManager ReloadAssembly
Symbol file LoadedFromMemory doesn't match image D:\Programming\Unity\ZenoJam5\ZenoJam5\Library\PackageCache\com.unity.visualscripting@1.7.6\Editor\VisualScripting.Core\Dependencies\YamlDotNet\Unity.VisualScripting.YamlDotNet.dll
Symbol file LoadedFromMemory is not a mono symbol file
Symbol file LoadedFromMemory doesn't match image D:\Programming\Unity\ZenoJam5\ZenoJam5\Library\PackageCache\com.unity.visualscripting@1.7.6\Editor\VisualScripting.Core\Dependencies\DotNetZip\Unity.VisualScripting.IonicZip.dll
Native extension for WindowsStandalone target not found
Native extension for WebGL target not found
Refreshing native plugins compatible for Editor in 0.79 ms, found 4 plugins.
Preloading 0 native plugins for Editor in 0.00 ms.
Mono: successfully reloaded assembly
- Completed reload, in  1.255 seconds
Domain Reload Profiling:
	ReloadAssembly (1256ms)
		BeginReloadAssembly (137ms)
			ExecutionOrderSort (0ms)
			DisableScriptedObjects (7ms)
			BackupInstance (0ms)
			ReleaseScriptingObjects (0ms)
			CreateAndSetChildDomain (43ms)
		EndReloadAssembly (1001ms)
			LoadAssemblies (109ms)
			RebuildTransferFunctionScriptingTraits (0ms)
			SetupTypeCache (271ms)
			ReleaseScriptCaches (2ms)
			RebuildScriptCaches (66ms)
			SetupLoadedEditorAssemblies (447ms)
				LogAssemblyErrors (0ms)
				InitializePlatformSupportModulesInManaged (16ms)
				SetLoadedEditorAssemblies (0ms)
				RefreshPlugins (1ms)
				BeforeProcessingInitializeOnLoad (99ms)
				ProcessInitializeOnLoadAttributes (270ms)
				ProcessInitializeOnLoadMethodAttributes (51ms)
				AfterProcessingInitializeOnLoad (10ms)
				EditorAssembliesLoaded (0ms)
			ExecutionOrderSort2 (0ms)
			AwakeInstancesAfterBackupRestoration (41ms)
Platform modules already initialized, skipping
Refreshing native plugins compatible for Editor in 4.23 ms, found 4 plugins.
Preloading 0 native plugins for Editor in 0.00 ms.
Unloading 4600 Unused Serialized files (Serialized files now loaded: 0)
Unloading 31 unused Assets / (265.4 KB). Loaded Objects now: 5194.
Memory consumption went from 175.7 MB to 175.5 MB.
Total: 3.854500 ms (FindLiveObjects: 0.695700 ms CreateObjectMapping: 0.504200 ms MarkObjects: 2.494800 ms  DeleteObjects: 0.158600 ms)

AssetImportParameters requested are different than current active one (requested -> active):
  custom:video-decoder-ogg-theora: a1e56fd34408186e4bbccfd4996cb3dc -> 
  custom:container-muxer-webm: aa71ff27fc2769a1b78a27578f13a17b -> 
  custom:container-demuxer-webm: 4f35f7cbe854078d1ac9338744f61a02 -> 
  custom:video-encoder-webm-vp8: eb34c28f22e8b96e1ab97ce403110664 -> 
  custom:audio-encoder-webm-vorbis: bf7c407c2cedff20999df2af8eb42d56 -> 
  custom:framework-win-MediaFoundation: 216162199b28c13a410421893ffa2e32 -> 
  custom:container-demuxer-ogg: 62fdf1f143b41e24485cea50d1cbac27 -> 
  custom:video-decoder-webm-vp8: 9c59270c3fd7afecdb556c50c9e8de78 -> 
  custom:audio-decoder-ogg-vorbis: bf7c407c2cedff20999df2af8eb42d56 -> 
========================================================================
Received Import Request.
  Time since last request: 376.139542 seconds.
  path: Assets/Prefabs/New Prefab.prefab
  artifactKey: Guid(0da8d3cbbffb9ca4295b99d3ce1cc909) Importer(815301076,1909f56bfc062723c751e8b465ee728b)
Start importing Assets/Prefabs/New Prefab.prefab using Guid(0da8d3cbbffb9ca4295b99d3ce1cc909) Importer(815301076,1909f56bfc062723c751e8b465ee728b)  -> (artifact id: 'b8430583c5d6985155f1ebe9d2ed5cf7') in 0.032985 seconds 
========================================================================
Received Import Request.
  Time since last request: 16.453284 seconds.
  path: Assets/Prefabs/Bug 1.prefab
  artifactKey: Guid(ee23f0872b2831d418d86c0e35e329ed) Importer(815301076,1909f56bfc062723c751e8b465ee728b)
Start importing Assets/Prefabs/Bug 1.prefab using Guid(ee23f0872b2831d418d86c0e35e329ed) Importer(815301076,1909f56bfc062723c751e8b465ee728b)  -> (artifact id: 'a4fecf3a4a9252b0242af3fd1fc1d181') in 0.067922 seconds 
========================================================================
Received Import Request.
  Time since last request: 5.201372 seconds.
  path: Assets/Prefabs/EvilBug.prefab
  artifactKey: Guid(ee23f0872b2831d418d86c0e35e329ed) Importer(815301076,1909f56bfc062723c751e8b465ee728b)
Start importing Assets/Prefabs/EvilBug.prefab using Guid(ee23f0872b2831d418d86c0e35e329ed) Importer(815301076,1909f56bfc062723c751e8b465ee728b)  -> (artifact id: '5b26f1fe04f20514b9639ddf8cc4de8c') in 0.024483 seconds 
========================================================================
Received Import Request.
  Time since last request: 10.099675 seconds.
  path: Assets/Sprites/Biff
  artifactKey: Guid(74db59df3ab8fa64b9e5ffd1eb3bd56a) Importer(815301076,1909f56bfc062723c751e8b465ee728b)
Start importing Assets/Sprites/Biff using Guid(74db59df3ab8fa64b9e5ffd1eb3bd56a) Importer(815301076,1909f56bfc062723c751e8b465ee728b)  -> (artifact id: '6480600c8ded0e3aa5f9cf9a8607a173') in 0.005092 seconds 
========================================================================
Received Import Request.
  Time since last request: 141.287282 seconds.
  path: Assets/Sprites/Biff/Bug02.png
  artifactKey: Guid(5964331a0d3919c4eb0ff06f8d4df302) Importer(815301076,1909f56bfc062723c751e8b465ee728b)
Start importing Assets/Sprites/Biff/Bug02.png using Guid(5964331a0d3919c4eb0ff06f8d4df302) Importer(815301076,1909f56bfc062723c751e8b465ee728b)  -> (artifact id: '14073bc72de4cb7f92dbb6be2683398e') in 0.074351 seconds 
========================================================================
Received Import Request.
  Time since last request: 8.343881 seconds.
  path: Assets/Sprites/Biff/Bug02.png
  artifactKey: Guid(5964331a0d3919c4eb0ff06f8d4df302) Importer(815301076,1909f56bfc062723c751e8b465ee728b)
Start importing Assets/Sprites/Biff/Bug02.png using Guid(5964331a0d3919c4eb0ff06f8d4df302) Importer(815301076,1909f56bfc062723c751e8b465ee728b)  -> (artifact id: 'cac1a0f7be0cfb5b47eed21f62f29df0') in 0.063950 seconds 
========================================================================
Received Import Request.
  Time since last request: 6.471803 seconds.
  path: Assets/Sprites/Biff/Bug02.png
  artifactKey: Guid(5964331a0d3919c4eb0ff06f8d4df302) Importer(815301076,1909f56bfc062723c751e8b465ee728b)
Start importing Assets/Sprites/Biff/Bug02.png using Guid(5964331a0d3919c4eb0ff06f8d4df302) Importer(815301076,1909f56bfc062723c751e8b465ee728b)  -> (artifact id: 'd3e0de5f1c3f0ea50e12f153ae9385f0') in 0.011892 seconds 
========================================================================
Received Import Request.
  Time since last request: 4.444338 seconds.
  path: Assets/Sprites/Biff/Bug02.png
  artifactKey: Guid(5964331a0d3919c4eb0ff06f8d4df302) Importer(815301076,1909f56bfc062723c751e8b465ee728b)
Start importing Assets/Sprites/Biff/Bug02.png using Guid(5964331a0d3919c4eb0ff06f8d4df302) Importer(815301076,1909f56bfc062723c751e8b465ee728b)  -> (artifact id: '80d15984085041b014dd38729a3746ab') in 0.040337 seconds 
========================================================================
Received Import Request.
  Time since last request: 14.399889 seconds.
  path: Assets/Sprites/Biff/frame0000.png
  artifactKey: Guid(61300d36b7eb4ad48b34874fcff6c708) Importer(815301076,1909f56bfc062723c751e8b465ee728b)
Start importing Assets/Sprites/Biff/frame0000.png using Guid(61300d36b7eb4ad48b34874fcff6c708) Importer(815301076,1909f56bfc062723c751e8b465ee728b)  -> (artifact id: 'e21a7e24173ef08ece4f1fd6585bbea8') in 0.080080 seconds 
========================================================================
Received Import Request.
  Time since last request: 0.000031 seconds.
  path: Assets/Sprites/Biff/frame0005.png
  artifactKey: Guid(568d831c8003175429cc5bc90f0dafd6) Importer(815301076,1909f56bfc062723c751e8b465ee728b)
Start importing Assets/Sprites/Biff/frame0005.png using Guid(568d831c8003175429cc5bc90f0dafd6) Importer(815301076,1909f56bfc062723c751e8b465ee728b)  -> (artifact id: 'c2a690d97c8d8df21dae525d313ec312') in 0.072692 seconds 
========================================================================
Received Import Request.
  Time since last request: 0.000028 seconds.
  path: Assets/Sprites/Biff/frame0012.png
  artifactKey: Guid(ffd787b9712e81d419f217bf4a159889) Importer(815301076,1909f56bfc062723c751e8b465ee728b)
Start importing Assets/Sprites/Biff/frame0012.png using Guid(ffd787b9712e81d419f217bf4a159889) Importer(815301076,1909f56bfc062723c751e8b465ee728b)  -> (artifact id: 'cb875c080fda8601304a8f7ad64b94af') in 0.075585 seconds 
========================================================================
Received Import Request.
  Time since last request: 0.000023 seconds.
  path: Assets/Sprites/Biff/frame0008.png
  artifactKey: Guid(56adf143ff26a6041a126b7a1e5ce1a3) Importer(815301076,1909f56bfc062723c751e8b465ee728b)
Start importing Assets/Sprites/Biff/frame0008.png using Guid(56adf143ff26a6041a126b7a1e5ce1a3) Importer(815301076,1909f56bfc062723c751e8b465ee728b)  -> (artifact id: '5a349adcb54757116fddd2f0d6e64be9') in 0.066036 seconds 
========================================================================
Received Import Request.
  Time since last request: 0.000018 seconds.
  path: Assets/Sprites/Biff/frame0011.png
  artifactKey: Guid(d5479ac7507cd4742b0b557871c6c66c) Importer(815301076,1909f56bfc062723c751e8b465ee728b)
Start importing Assets/Sprites/Biff/frame0011.png using Guid(d5479ac7507cd4742b0b557871c6c66c) Importer(815301076,1909f56bfc062723c751e8b465ee728b)  -> (artifact id: 'eb5433c4bb7596ad380835c47b48200a') in 0.075711 seconds 
========================================================================
Received Import Request.
  Time since last request: 0.000033 seconds.
  path: Assets/Sprites/Biff/frame0010.png
  artifactKey: Guid(1d4354ddd71df2845afb0b24a93d8e5c) Importer(815301076,1909f56bfc062723c751e8b465ee728b)
Start importing Assets/Sprites/Biff/frame0010.png using Guid(1d4354ddd71df2845afb0b24a93d8e5c) Importer(815301076,1909f56bfc062723c751e8b465ee728b)  -> (artifact id: '43fc4f480bfd3e6c75816e09ba5a1505') in 0.072223 seconds 
========================================================================
Received Import Request.
  Time since last request: 0.000068 seconds.
  path: Assets/Sprites/Biff/frame0003.png
  artifactKey: Guid(e9f32c347a280dd4a949f93b7b43a85f) Importer(815301076,1909f56bfc062723c751e8b465ee728b)
Start importing Assets/Sprites/Biff/frame0003.png using Guid(e9f32c347a280dd4a949f93b7b43a85f) Importer(815301076,1909f56bfc062723c751e8b465ee728b)  -> (artifact id: '4852345ae88e1b3b9186d32f2a24c8f3') in 0.070113 seconds 
========================================================================
Received Import Request.
  Time since last request: 11.018160 seconds.
  path: Assets/Sprites/Biff/frame0001.png
  artifactKey: Guid(cbfe1ad2a2493184b859689e69ff109b) Importer(815301076,1909f56bfc062723c751e8b465ee728b)
Start importing Assets/Sprites/Biff/frame0001.png using Guid(cbfe1ad2a2493184b859689e69ff109b) Importer(815301076,1909f56bfc062723c751e8b465ee728b)  -> (artifact id: 'd73e0b1286e571969054188bb6149904') in 0.077169 seconds 
========================================================================
Received Import Request.
  Time since last request: 0.000027 seconds.
  path: Assets/Sprites/Biff/frame0006.png
  artifactKey: Guid(1d72dbf96bd13e54d88ee1b3650b77ae) Importer(815301076,1909f56bfc062723c751e8b465ee728b)
Start importing Assets/Sprites/Biff/frame0006.png using Guid(1d72dbf96bd13e54d88ee1b3650b77ae) Importer(815301076,1909f56bfc062723c751e8b465ee728b)  -> (artifact id: '6862957d4e01774be50edc362a167a98') in 0.077441 seconds 
========================================================================
Received Import Request.
  Time since last request: 0.000026 seconds.
  path: Assets/Sprites/Biff/frame0007.png
  artifactKey: Guid(3f9946befb3b75d41996638153e2725c) Importer(815301076,1909f56bfc062723c751e8b465ee728b)
Start importing Assets/Sprites/Biff/frame0007.png using Guid(3f9946befb3b75d41996638153e2725c) Importer(815301076,1909f56bfc062723c751e8b465ee728b)  -> (artifact id: 'e9dbe2526d1ad165c13ebde9041a728c') in 0.068298 seconds 
========================================================================
Received Import Request.
  Time since last request: 0.000027 seconds.
  path: Assets/Sprites/Biff/frame0011.png
  artifactKey: Guid(d5479ac7507cd4742b0b557871c6c66c) Importer(815301076,1909f56bfc062723c751e8b465ee728b)
Start importing Assets/Sprites/Biff/frame0011.png using Guid(d5479ac7507cd4742b0b557871c6c66c) Importer(815301076,1909f56bfc062723c751e8b465ee728b)  -> (artifact id: '618feedd4e64b1322c0febb35b8dc99f') in 0.078054 seconds 
========================================================================
Received Import Request.
  Time since last request: 0.000029 seconds.
  path: Assets/Sprites/Biff/frame0003.png
  artifactKey: Guid(e9f32c347a280dd4a949f93b7b43a85f) Importer(815301076,1909f56bfc062723c751e8b465ee728b)
Start importing Assets/Sprites/Biff/frame0003.png using Guid(e9f32c347a280dd4a949f93b7b43a85f) Importer(815301076,1909f56bfc062723c751e8b465ee728b)  -> (artifact id: 'fdaf51cf0ed6879681e6f4fed7bcf91e') in 0.071974 seconds 
Editor requested this worker to shutdown with reason: Scaling down because of idle timeout
AssetImportWorker is now disconnected from the server
Process exiting
Exiting without the bug reporter. Application will terminate with return code 0